[2019-06-10 10:47:35] local.ERROR: Command "seed" is not defined.

Did you mean one of these?
    db:seed
    make:seeder {"exception":"[object] (Symfony\\Component\\Console\\Exception\\CommandNotFoundException(code: 0): Command \"seed\" is not defined.

Did you mean one of these?
    db:seed
    make:seeder at /Users/mikewolter/Documenten lokaal/imtmpd-api/imtpmd-api/Imtpmd-api/vendor/symfony/console/Application.php:652)
[stacktrace]
#0 /Users/mikewolter/Documenten lokaal/imtmpd-api/imtpmd-api/Imtpmd-api/vendor/symfony/console/Application.php(237): Symfony\\Component\\Console\\Application->find('seed')
#1 /Users/mikewolter/Documenten lokaal/imtmpd-api/imtpmd-api/Imtpmd-api/vendor/symfony/console/Application.php(149): Symfony\\Component\\Console\\Application->doRun(Object(Symfony\\Component\\Console\\Input\\ArgvInput), Object(Symfony\\Component\\Console\\Output\\ConsoleOutput))
#2 /Users/mikewolter/Documenten lokaal/imtmpd-api/imtpmd-api/Imtpmd-api/vendor/laravel/framework/src/Illuminate/Console/Application.php(90): Symfony\\Component\\Console\\Application->run(Object(Symfony\\Component\\Console\\Input\\ArgvInput), Object(Symfony\\Component\\Console\\Output\\ConsoleOutput))
#3 /Users/mikewolter/Documenten lokaal/imtmpd-api/imtpmd-api/Imtpmd-api/vendor/laravel/framework/src/Illuminate/Foundation/Console/Kernel.php(133): Illuminate\\Console\\Application->run(Object(Symfony\\Component\\Console\\Input\\ArgvInput), Object(Symfony\\Component\\Console\\Output\\ConsoleOutput))
#4 /Users/mikewolter/Documenten lokaal/imtmpd-api/imtpmd-api/Imtpmd-api/artisan(37): Illuminate\\Foundation\\Console\\Kernel->handle(Object(Symfony\\Component\\Console\\Input\\ArgvInput), Object(Symfony\\Component\\Console\\Output\\ConsoleOutput))
#5 {main}
"} 
[2019-06-10 10:47:40] local.ERROR: Class ProductSeeder does not exist {"exception":"[object] (ReflectionException(code: -1): Class ProductSeeder does not exist at /Users/mikewolter/Documenten lokaal/imtmpd-api/imtpmd-api/Imtpmd-api/vendor/laravel/framework/src/Illuminate/Container/Container.php:790)
[stacktrace]
#0 /Users/mikewolter/Documenten lokaal/imtmpd-api/imtpmd-api/Imtpmd-api/vendor/laravel/framework/src/Illuminate/Container/Container.php(790): ReflectionClass->__construct('ProductSeeder')
#1 /Users/mikewolter/Documenten lokaal/imtmpd-api/imtpmd-api/Imtpmd-api/vendor/laravel/framework/src/Illuminate/Container/Container.php(667): Illuminate\\Container\\Container->build('ProductSeeder')
#2 /Users/mikewolter/Documenten lokaal/imtmpd-api/imtpmd-api/Imtpmd-api/vendor/laravel/framework/src/Illuminate/Container/Container.php(615): Illuminate\\Container\\Container->resolve('ProductSeeder', Array)
#3 /Users/mikewolter/Documenten lokaal/imtmpd-api/imtpmd-api/Imtpmd-api/vendor/laravel/framework/src/Illuminate/Foundation/Application.php(767): Illuminate\\Container\\Container->make('ProductSeeder', Array)
#4 /Users/mikewolter/Documenten lokaal/imtmpd-api/imtpmd-api/Imtpmd-api/vendor/laravel/framework/src/Illuminate/Database/Seeder.php(68): Illuminate\\Foundation\\Application->make('ProductSeeder')
#5 /Users/mikewolter/Documenten lokaal/imtmpd-api/imtpmd-api/Imtpmd-api/vendor/laravel/framework/src/Illuminate/Database/Seeder.php(42): Illuminate\\Database\\Seeder->resolve('ProductSeeder')
#6 /Users/mikewolter/Documenten lokaal/imtmpd-api/imtpmd-api/Imtpmd-api/database/seeds/DatabaseSeeder.php(14): Illuminate\\Database\\Seeder->call('ProductSeeder')
#7 [internal function]: DatabaseSeeder->run()
#8 /Users/mikewolter/Documenten lokaal/imtmpd-api/imtpmd-api/Imtpmd-api/vendor/laravel/framework/src/Illuminate/Container/BoundMethod.php(32): call_user_func_array(Array, Array)
#9 /Users/mikewolter/Documenten lokaal/imtmpd-api/imtpmd-api/Imtpmd-api/vendor/laravel/framework/src/Illuminate/Container/BoundMethod.php(90): Illuminate\\Container\\BoundMethod::Illuminate\\Container\\{closure}()
#10 /Users/mikewolter/Documenten lokaal/imtmpd-api/imtpmd-api/Imtpmd-api/vendor/laravel/framework/src/Illuminate/Container/BoundMethod.php(34): Illuminate\\Container\\BoundMethod::callBoundMethod(Object(Illuminate\\Foundation\\Application), Array, Object(Closure))
#11 /Users/mikewolter/Documenten lokaal/imtmpd-api/imtpmd-api/Imtpmd-api/vendor/laravel/framework/src/Illuminate/Container/Container.php(576): Illuminate\\Container\\BoundMethod::call(Object(Illuminate\\Foundation\\Application), Array, Array, NULL)
#12 /Users/mikewolter/Documenten lokaal/imtmpd-api/imtpmd-api/Imtpmd-api/vendor/laravel/framework/src/Illuminate/Database/Seeder.php(122): Illuminate\\Container\\Container->call(Array)
#13 /Users/mikewolter/Documenten lokaal/imtmpd-api/imtpmd-api/Imtpmd-api/vendor/laravel/framework/src/Illuminate/Database/Console/Seeds/SeedCommand.php(63): Illuminate\\Database\\Seeder->__invoke()
#14 /Users/mikewolter/Documenten lokaal/imtmpd-api/imtpmd-api/Imtpmd-api/vendor/laravel/framework/src/Illuminate/Database/Eloquent/Concerns/GuardsAttributes.php(122): Illuminate\\Database\\Console\\Seeds\\SeedCommand->Illuminate\\Database\\Console\\Seeds\\{closure}()
#15 /Users/mikewolter/Documenten lokaal/imtmpd-api/imtpmd-api/Imtpmd-api/vendor/laravel/framework/src/Illuminate/Database/Console/Seeds/SeedCommand.php(64): Illuminate\\Database\\Eloquent\\Model::unguarded(Object(Closure))
#16 [internal function]: Illuminate\\Database\\Console\\Seeds\\SeedCommand->handle()
#17 /Users/mikewolter/Documenten lokaal/imtmpd-api/imtpmd-api/Imtpmd-api/vendor/laravel/framework/src/Illuminate/Container/BoundMethod.php(32): call_user_func_array(Array, Array)
#18 /Users/mikewolter/Documenten lokaal/imtmpd-api/imtpmd-api/Imtpmd-api/vendor/laravel/framework/src/Illuminate/Container/BoundMethod.php(90): Illuminate\\Container\\BoundMethod::Illuminate\\Container\\{closure}()
#19 /Users/mikewolter/Documenten lokaal/imtmpd-api/imtpmd-api/Imtpmd-api/vendor/laravel/framework/src/Illuminate/Container/BoundMethod.php(34): Illuminate\\Container\\BoundMethod::callBoundMethod(Object(Illuminate\\Foundation\\Application), Array, Object(Closure))
#20 /Users/mikewolter/Documenten lokaal/imtmpd-api/imtpmd-api/Imtpmd-api/vendor/laravel/framework/src/Illuminate/Container/Container.php(576): Illuminate\\Container\\BoundMethod::call(Object(Illuminate\\Foundation\\Application), Array, Array, NULL)
#21 /Users/mikewolter/Documenten lokaal/imtmpd-api/imtpmd-api/Imtpmd-api/vendor/laravel/framework/src/Illuminate/Console/Command.php(183): Illuminate\\Container\\Container->call(Array)
#22 /Users/mikewolter/Documenten lokaal/imtmpd-api/imtpmd-api/Imtpmd-api/vendor/symfony/console/Command/Command.php(255): Illuminate\\Console\\Command->execute(Object(Symfony\\Component\\Console\\Input\\ArgvInput), Object(Illuminate\\Console\\OutputStyle))
#23 /Users/mikewolter/Documenten lokaal/imtmpd-api/imtpmd-api/Imtpmd-api/vendor/laravel/framework/src/Illuminate/Console/Command.php(170): Symfony\\Component\\Console\\Command\\Command->run(Object(Symfony\\Component\\Console\\Input\\ArgvInput), Object(Illuminate\\Console\\OutputStyle))
#24 /Users/mikewolter/Documenten lokaal/imtmpd-api/imtpmd-api/Imtpmd-api/vendor/symfony/console/Application.php(921): Illuminate\\Console\\Command->run(Object(Symfony\\Component\\Console\\Input\\ArgvInput), Object(Symfony\\Component\\Console\\Output\\ConsoleOutput))
#25 /Users/mikewolter/Documenten lokaal/imtmpd-api/imtpmd-api/Imtpmd-api/vendor/symfony/console/Application.php(273): Symfony\\Component\\Console\\Application->doRunCommand(Object(Illuminate\\Database\\Console\\Seeds\\SeedCommand), Object(Symfony\\Component\\Console\\Input\\ArgvInput), Object(Symfony\\Component\\Console\\Output\\ConsoleOutput))
#26 /Users/mikewolter/Documenten lokaal/imtmpd-api/imtpmd-api/Imtpmd-api/vendor/symfony/console/Application.php(149): Symfony\\Component\\Console\\Application->doRun(Object(Symfony\\Component\\Console\\Input\\ArgvInput), Object(Symfony\\Component\\Console\\Output\\ConsoleOutput))
#27 /Users/mikewolter/Documenten lokaal/imtmpd-api/imtpmd-api/Imtpmd-api/vendor/laravel/framework/src/Illuminate/Console/Application.php(90): Symfony\\Component\\Console\\Application->run(Object(Symfony\\Component\\Console\\Input\\ArgvInput), Object(Symfony\\Component\\Console\\Output\\ConsoleOutput))
#28 /Users/mikewolter/Documenten lokaal/imtmpd-api/imtpmd-api/Imtpmd-api/vendor/laravel/framework/src/Illuminate/Foundation/Console/Kernel.php(133): Illuminate\\Console\\Application->run(Object(Symfony\\Component\\Console\\Input\\ArgvInput), Object(Symfony\\Component\\Console\\Output\\ConsoleOutput))
#29 /Users/mikewolter/Documenten lokaal/imtmpd-api/imtpmd-api/Imtpmd-api/artisan(37): Illuminate\\Foundation\\Console\\Kernel->handle(Object(Symfony\\Component\\Console\\Input\\ArgvInput), Object(Symfony\\Component\\Console\\Output\\ConsoleOutput))
#30 {main}
"} 
[2019-06-10 13:44:59] local.ERROR: SQLSTATE[42S22]: Column not found: 1054 Unknown column '5449000111678' in 'where clause' (SQL: select * from `producten` where `5449000111678` is null limit 1) {"exception":"[object] (Illuminate\\Database\\QueryException(code: 42S22): SQLSTATE[42S22]: Column not found: 1054 Unknown column '5449000111678' in 'where clause' (SQL: select * from `producten` where `5449000111678` is null limit 1) at /Users/mikewolter/Documenten lokaal/imtmpd-api/imtpmd-api/Imtpmd-api/vendor/laravel/framework/src/Illuminate/Database/Connection.php:664, PDOException(code: 42S22): SQLSTATE[42S22]: Column not found: 1054 Unknown column '5449000111678' in 'where clause' at /Users/mikewolter/Documenten lokaal/imtmpd-api/imtpmd-api/Imtpmd-api/vendor/laravel/framework/src/Illuminate/Database/Connection.php:326)
[stacktrace]
#0 /Users/mikewolter/Documenten lokaal/imtmpd-api/imtpmd-api/Imtpmd-api/vendor/laravel/framework/src/Illuminate/Database/Connection.php(624): Illuminate\\Database\\Connection->runQueryCallback('select * from `...', Array, Object(Closure))
#1 /Users/mikewolter/Documenten lokaal/imtmpd-api/imtpmd-api/Imtpmd-api/vendor/laravel/framework/src/Illuminate/Database/Connection.php(333): Illuminate\\Database\\Connection->run('select * from `...', Array, Object(Closure))
#2 /Users/mikewolter/Documenten lokaal/imtmpd-api/imtpmd-api/Imtpmd-api/vendor/laravel/framework/src/Illuminate/Database/Query/Builder.php(2124): Illuminate\\Database\\Connection->select('select * from `...', Array, true)
#3 /Users/mikewolter/Documenten lokaal/imtmpd-api/imtpmd-api/Imtpmd-api/vendor/laravel/framework/src/Illuminate/Database/Query/Builder.php(2112): Illuminate\\Database\\Query\\Builder->runSelect()
#4 /Users/mikewolter/Documenten lokaal/imtmpd-api/imtpmd-api/Imtpmd-api/vendor/laravel/framework/src/Illuminate/Database/Query/Builder.php(2598): Illuminate\\Database\\Query\\Builder->Illuminate\\Database\\Query\\{closure}()
#5 /Users/mikewolter/Documenten lokaal/imtmpd-api/imtpmd-api/Imtpmd-api/vendor/laravel/framework/src/Illuminate/Database/Query/Builder.php(2113): Illuminate\\Database\\Query\\Builder->onceWithColumns(Array, Object(Closure))
#6 /Users/mikewolter/Documenten lokaal/imtmpd-api/imtpmd-api/Imtpmd-api/vendor/laravel/framework/src/Illuminate/Database/Eloquent/Builder.php(521): Illuminate\\Database\\Query\\Builder->get(Array)
#7 /Users/mikewolter/Documenten lokaal/imtmpd-api/imtpmd-api/Imtpmd-api/vendor/laravel/framework/src/Illuminate/Database/Eloquent/Builder.php(505): Illuminate\\Database\\Eloquent\\Builder->getModels(Array)
#8 /Users/mikewolter/Documenten lokaal/imtmpd-api/imtpmd-api/Imtpmd-api/vendor/laravel/framework/src/Illuminate/Database/Concerns/BuildsQueries.php(77): Illuminate\\Database\\Eloquent\\Builder->get(Array)
#9 /Users/mikewolter/Documenten lokaal/imtmpd-api/imtpmd-api/Imtpmd-api/app/Http/Controllers/ProductController.php(12): Illuminate\\Database\\Eloquent\\Builder->first()
#10 [internal function]: App\\Http\\Controllers\\ProductController->show('5449000111678')
#11 /Users/mikewolter/Documenten lokaal/imtmpd-api/imtpmd-api/Imtpmd-api/vendor/laravel/framework/src/Illuminate/Routing/Controller.php(54): call_user_func_array(Array, Array)
#12 /Users/mikewolter/Documenten lokaal/imtmpd-api/imtpmd-api/Imtpmd-api/vendor/laravel/framework/src/Illuminate/Routing/ControllerDispatcher.php(45): Illuminate\\Routing\\Controller->callAction('show', Array)
#13 /Users/mikewolter/Documenten lokaal/imtmpd-api/imtpmd-api/Imtpmd-api/vendor/laravel/framework/src/Illuminate/Routing/Route.php(219): Illuminate\\Routing\\ControllerDispatcher->dispatch(Object(Illuminate\\Routing\\Route), Object(App\\Http\\Controllers\\ProductController), 'show')
#14 /Users/mikewolter/Documenten lokaal/imtmpd-api/imtpmd-api/Imtpmd-api/vendor/laravel/framework/src/Illuminate/Routing/Route.php(176): Illuminate\\Routing\\Route->runController()
#15 /Users/mikewolter/Documenten lokaal/imtmpd-api/imtpmd-api/Imtpmd-api/vendor/laravel/framework/src/Illuminate/Routing/Router.php(680): Illuminate\\Routing\\Route->run()
#16 /Users/mikewolter/Documenten lokaal/imtmpd-api/imtpmd-api/Imtpmd-api/vendor/laravel/framework/src/Illuminate/Routing/Pipeline.php(30): Illuminate\\Routing\\Router->Illuminate\\Routing\\{closure}(Object(Illuminate\\Http\\Request))
#17 /Users/mikewolter/Documenten lokaal/imtmpd-api/imtpmd-api/Imtpmd-api/vendor/laravel/framework/src/Illuminate/Routing/Middleware/SubstituteBindings.php(41): Illuminate\\Routing\\Pipeline->Illuminate\\Routing\\{closure}(Object(Illuminate\\Http\\Request))
#18 /Users/mikewolter/Documenten lokaal/imtmpd-api/imtpmd-api/Imtpmd-api/vendor/laravel/framework/src/Illuminate/Pipeline/Pipeline.php(163): Illuminate\\Routing\\Middleware\\SubstituteBindings->handle(Object(Illuminate\\Http\\Request), Object(Closure))
#19 /Users/mikewolter/Documenten lokaal/imtmpd-api/imtpmd-api/Imtpmd-api/vendor/laravel/framework/src/Illuminate/Routing/Pipeline.php(53): Illuminate\\Pipeline\\Pipeline->Illuminate\\Pipeline\\{closure}(Object(Illuminate\\Http\\Request))
#20 /Users/mikewolter/Documenten lokaal/imtmpd-api/imtpmd-api/Imtpmd-api/vendor/laravel/framework/src/Illuminate/Routing/Middleware/ThrottleRequests.php(58): Illuminate\\Routing\\Pipeline->Illuminate\\Routing\\{closure}(Object(Illuminate\\Http\\Request))
#21 /Users/mikewolter/Documenten lokaal/imtmpd-api/imtpmd-api/Imtpmd-api/vendor/laravel/framework/src/Illuminate/Pipeline/Pipeline.php(163): Illuminate\\Routing\\Middleware\\ThrottleRequests->handle(Object(Illuminate\\Http\\Request), Object(Closure), 60, '1')
#22 /Users/mikewolter/Documenten lokaal/imtmpd-api/imtpmd-api/Imtpmd-api/vendor/laravel/framework/src/Illuminate/Routing/Pipeline.php(53): Illuminate\\Pipeline\\Pipeline->Illuminate\\Pipeline\\{closure}(Object(Illuminate\\Http\\Request))
#23 /Users/mikewolter/Documenten lokaal/imtmpd-api/imtpmd-api/Imtpmd-api/vendor/laravel/framework/src/Illuminate/Pipeline/Pipeline.php(104): Illuminate\\Routing\\Pipeline->Illuminate\\Routing\\{closure}(Object(Illuminate\\Http\\Request))
#24 /Users/mikewolter/Documenten lokaal/imtmpd-api/imtpmd-api/Imtpmd-api/vendor/laravel/framework/src/Illuminate/Routing/Router.php(682): Illuminate\\Pipeline\\Pipeline->then(Object(Closure))
#25 /Users/mikewolter/Documenten lokaal/imtmpd-api/imtpmd-api/Imtpmd-api/vendor/laravel/framework/src/Illuminate/Routing/Router.php(657): Illuminate\\Routing\\Router->runRouteWithinStack(Object(Illuminate\\Routing\\Route), Object(Illuminate\\Http\\Request))
#26 /Users/mikewolter/Documenten lokaal/imtmpd-api/imtpmd-api/Imtpmd-api/vendor/laravel/framework/src/Illuminate/Routing/Router.php(623): Illuminate\\Routing\\Router->runRoute(Object(Illuminate\\Http\\Request), Object(Illuminate\\Routing\\Route))
#27 /Users/mikewolter/Documenten lokaal/imtmpd-api/imtpmd-api/Imtpmd-api/vendor/laravel/framework/src/Illuminate/Routing/Router.php(612): Illuminate\\Routing\\Router->dispatchToRoute(Object(Illuminate\\Http\\Request))
#28 /Users/mikewolter/Documenten lokaal/imtmpd-api/imtpmd-api/Imtpmd-api/vendor/laravel/framework/src/Illuminate/Foundation/Http/Kernel.php(176): Illuminate\\Routing\\Router->dispatch(Object(Illuminate\\Http\\Request))
#29 /Users/mikewolter/Documenten lokaal/imtmpd-api/imtpmd-api/Imtpmd-api/vendor/laravel/framework/src/Illuminate/Routing/Pipeline.php(30): Illuminate\\Foundation\\Http\\Kernel->Illuminate\\Foundation\\Http\\{closure}(Object(Illuminate\\Http\\Request))
#30 /Users/mikewolter/Documenten lokaal/imtmpd-api/imtpmd-api/Imtpmd-api/vendor/fideloper/proxy/src/TrustProxies.php(57): Illuminate\\Routing\\Pipeline->Illuminate\\Routing\\{closure}(Object(Illuminate\\Http\\Request))
#31 /Users/mikewolter/Documenten lokaal/imtmpd-api/imtpmd-api/Imtpmd-api/vendor/laravel/framework/src/Illuminate/Pipeline/Pipeline.php(163): Fideloper\\Proxy\\TrustProxies->handle(Object(Illuminate\\Http\\Request), Object(Closure))
#32 /Users/mikewolter/Documenten lokaal/imtmpd-api/imtpmd-api/Imtpmd-api/vendor/laravel/framework/src/Illuminate/Routing/Pipeline.php(53): Illuminate\\Pipeline\\Pipeline->Illuminate\\Pipeline\\{closure}(Object(Illuminate\\Http\\Request))
#33 /Users/mikewolter/Documenten lokaal/imtmpd-api/imtpmd-api/Imtpmd-api/vendor/laravel/framework/src/Illuminate/Foundation/Http/Middleware/TransformsRequest.php(21): Illuminate\\Routing\\Pipeline->Illuminate\\Routing\\{closure}(Object(Illuminate\\Http\\Request))
#34 /Users/mikewolter/Documenten lokaal/imtmpd-api/imtpmd-api/Imtpmd-api/vendor/laravel/framework/src/Illuminate/Pipeline/Pipeline.php(163): Illuminate\\Foundation\\Http\\Middleware\\TransformsRequest->handle(Object(Illuminate\\Http\\Request), Object(Closure))
#35 /Users/mikewolter/Documenten lokaal/imtmpd-api/imtpmd-api/Imtpmd-api/vendor/laravel/framework/src/Illuminate/Routing/Pipeline.php(53): Illuminate\\Pipeline\\Pipeline->Illuminate\\Pipeline\\{closure}(Object(Illuminate\\Http\\Request))
#36 /Users/mikewolter/Documenten lokaal/imtmpd-api/imtpmd-api/Imtpmd-api/vendor/laravel/framework/src/Illuminate/Foundation/Http/Middleware/TransformsRequest.php(21): Illuminate\\Routing\\Pipeline->Illuminate\\Routing\\{closure}(Object(Illuminate\\Http\\Request))
#37 /Users/mikewolter/Documenten lokaal/imtmpd-api/imtpmd-api/Imtpmd-api/vendor/laravel/framework/src/Illuminate/Pipeline/Pipeline.php(163): Illuminate\\Foundation\\Http\\Middleware\\TransformsRequest->handle(Object(Illuminate\\Http\\Request), Object(Closure))
#38 /Users/mikewolter/Documenten lokaal/imtmpd-api/imtpmd-api/Imtpmd-api/vendor/laravel/framework/src/Illuminate/Routing/Pipeline.php(53): Illuminate\\Pipeline\\Pipeline->Illuminate\\Pipeline\\{closure}(Object(Illuminate\\Http\\Request))
#39 /Users/mikewolter/Documenten lokaal/imtmpd-api/imtpmd-api/Imtpmd-api/vendor/laravel/framework/src/Illuminate/Foundation/Http/Middleware/ValidatePostSize.php(27): Illuminate\\Routing\\Pipeline->Illuminate\\Routing\\{closure}(Object(Illuminate\\Http\\Request))
#40 /Users/mikewolter/Documenten lokaal/imtmpd-api/imtpmd-api/Imtpmd-api/vendor/laravel/framework/src/Illuminate/Pipeline/Pipeline.php(163): Illuminate\\Foundation\\Http\\Middleware\\ValidatePostSize->handle(Object(Illuminate\\Http\\Request), Object(Closure))
#41 /Users/mikewolter/Documenten lokaal/imtmpd-api/imtpmd-api/Imtpmd-api/vendor/laravel/framework/src/Illuminate/Routing/Pipeline.php(53): Illuminate\\Pipeline\\Pipeline->Illuminate\\Pipeline\\{closure}(Object(Illuminate\\Http\\Request))
#42 /Users/mikewolter/Documenten lokaal/imtmpd-api/imtpmd-api/Imtpmd-api/vendor/laravel/framework/src/Illuminate/Foundation/Http/Middleware/CheckForMaintenanceMode.php(62): Illuminate\\Routing\\Pipeline->Illuminate\\Routing\\{closure}(Object(Illuminate\\Http\\Request))
#43 /Users/mikewolter/Documenten lokaal/imtmpd-api/imtpmd-api/Imtpmd-api/vendor/laravel/framework/src/Illuminate/Pipeline/Pipeline.php(163): Illuminate\\Foundation\\Http\\Middleware\\CheckForMaintenanceMode->handle(Object(Illuminate\\Http\\Request), Object(Closure))
#44 /Users/mikewolter/Documenten lokaal/imtmpd-api/imtpmd-api/Imtpmd-api/vendor/laravel/framework/src/Illuminate/Routing/Pipeline.php(53): Illuminate\\Pipeline\\Pipeline->Illuminate\\Pipeline\\{closure}(Object(Illuminate\\Http\\Request))
#45 /Users/mikewolter/Documenten lokaal/imtmpd-api/imtpmd-api/Imtpmd-api/vendor/laravel/framework/src/Illuminate/Pipeline/Pipeline.php(104): Illuminate\\Routing\\Pipeline->Illuminate\\Routing\\{closure}(Object(Illuminate\\Http\\Request))
#46 /Users/mikewolter/Documenten lokaal/imtmpd-api/imtpmd-api/Imtpmd-api/vendor/laravel/framework/src/Illuminate/Foundation/Http/Kernel.php(151): Illuminate\\Pipeline\\Pipeline->then(Object(Closure))
#47 /Users/mikewolter/Documenten lokaal/imtmpd-api/imtpmd-api/Imtpmd-api/vendor/laravel/framework/src/Illuminate/Foundation/Http/Kernel.php(116): Illuminate\\Foundation\\Http\\Kernel->sendRequestThroughRouter(Object(Illuminate\\Http\\Request))
#48 /Users/mikewolter/Documenten lokaal/imtmpd-api/imtpmd-api/Imtpmd-api/public/index.php(55): Illuminate\\Foundation\\Http\\Kernel->handle(Object(Illuminate\\Http\\Request))
#49 /Users/mikewolter/Documenten lokaal/imtmpd-api/imtpmd-api/Imtpmd-api/server.php(21): require_once('/Users/mikewolt...')
#50 {main}
"} 
[2019-06-10 13:45:34] local.ERROR: syntax error, unexpected '=', expecting ')' {"exception":"[object] (Symfony\\Component\\Debug\\Exception\\FatalThrowableError(code: 0): syntax error, unexpected '=', expecting ')' at /Users/mikewolter/Documenten lokaal/imtmpd-api/imtpmd-api/Imtpmd-api/app/Http/Controllers/ProductController.php:12)
[stacktrace]
#0 /Users/mikewolter/Documenten lokaal/imtmpd-api/imtpmd-api/Imtpmd-api/vendor/composer/ClassLoader.php(322): Composer\\Autoload\\includeFile('/Users/mikewolt...')
#1 [internal function]: Composer\\Autoload\\ClassLoader->loadClass('App\\\\Http\\\\Contro...')
#2 [internal function]: spl_autoload_call('App\\\\Http\\\\Contro...')
#3 /Users/mikewolter/Documenten lokaal/imtmpd-api/imtpmd-api/Imtpmd-api/vendor/laravel/framework/src/Illuminate/Container/Container.php(790): ReflectionClass->__construct('App\\\\Http\\\\Contro...')
#4 /Users/mikewolter/Documenten lokaal/imtmpd-api/imtpmd-api/Imtpmd-api/vendor/laravel/framework/src/Illuminate/Container/Container.php(667): Illuminate\\Container\\Container->build('App\\\\Http\\\\Contro...')
#5 /Users/mikewolter/Documenten lokaal/imtmpd-api/imtpmd-api/Imtpmd-api/vendor/laravel/framework/src/Illuminate/Container/Container.php(615): Illuminate\\Container\\Container->resolve('App\\\\Http\\\\Contro...', Array)
#6 /Users/mikewolter/Documenten lokaal/imtmpd-api/imtpmd-api/Imtpmd-api/vendor/laravel/framework/src/Illuminate/Foundation/Application.php(767): Illuminate\\Container\\Container->make('App\\\\Http\\\\Contro...', Array)
#7 /Users/mikewolter/Documenten lokaal/imtmpd-api/imtpmd-api/Imtpmd-api/vendor/laravel/framework/src/Illuminate/Routing/Route.php(233): Illuminate\\Foundation\\Application->make('App\\\\Http\\\\Contro...')
#8 /Users/mikewolter/Documenten lokaal/imtmpd-api/imtpmd-api/Imtpmd-api/vendor/laravel/framework/src/Illuminate/Routing/Route.php(833): Illuminate\\Routing\\Route->getController()
#9 /Users/mikewolter/Documenten lokaal/imtmpd-api/imtpmd-api/Imtpmd-api/vendor/laravel/framework/src/Illuminate/Routing/Route.php(794): Illuminate\\Routing\\Route->controllerMiddleware()
#10 /Users/mikewolter/Documenten lokaal/imtmpd-api/imtpmd-api/Imtpmd-api/vendor/laravel/framework/src/Illuminate/Routing/Router.php(693): Illuminate\\Routing\\Route->gatherMiddleware()
#11 /Users/mikewolter/Documenten lokaal/imtmpd-api/imtpmd-api/Imtpmd-api/vendor/laravel/framework/src/Illuminate/Routing/Router.php(673): Illuminate\\Routing\\Router->gatherRouteMiddleware(Object(Illuminate\\Routing\\Route))
#12 /Users/mikewolter/Documenten lokaal/imtmpd-api/imtpmd-api/Imtpmd-api/vendor/laravel/framework/src/Illuminate/Routing/Router.php(657): Illuminate\\Routing\\Router->runRouteWithinStack(Object(Illuminate\\Routing\\Route), Object(Illuminate\\Http\\Request))
#13 /Users/mikewolter/Documenten lokaal/imtmpd-api/imtpmd-api/Imtpmd-api/vendor/laravel/framework/src/Illuminate/Routing/Router.php(623): Illuminate\\Routing\\Router->runRoute(Object(Illuminate\\Http\\Request), Object(Illuminate\\Routing\\Route))
#14 /Users/mikewolter/Documenten lokaal/imtmpd-api/imtpmd-api/Imtpmd-api/vendor/laravel/framework/src/Illuminate/Routing/Router.php(612): Illuminate\\Routing\\Router->dispatchToRoute(Object(Illuminate\\Http\\Request))
#15 /Users/mikewolter/Documenten lokaal/imtmpd-api/imtpmd-api/Imtpmd-api/vendor/laravel/framework/src/Illuminate/Foundation/Http/Kernel.php(176): Illuminate\\Routing\\Router->dispatch(Object(Illuminate\\Http\\Request))
#16 /Users/mikewolter/Documenten lokaal/imtmpd-api/imtpmd-api/Imtpmd-api/vendor/laravel/framework/src/Illuminate/Routing/Pipeline.php(30): Illuminate\\Foundation\\Http\\Kernel->Illuminate\\Foundation\\Http\\{closure}(Object(Illuminate\\Http\\Request))
#17 /Users/mikewolter/Documenten lokaal/imtmpd-api/imtpmd-api/Imtpmd-api/vendor/fideloper/proxy/src/TrustProxies.php(57): Illuminate\\Routing\\Pipeline->Illuminate\\Routing\\{closure}(Object(Illuminate\\Http\\Request))
#18 /Users/mikewolter/Documenten lokaal/imtmpd-api/imtpmd-api/Imtpmd-api/vendor/laravel/framework/src/Illuminate/Pipeline/Pipeline.php(163): Fideloper\\Proxy\\TrustProxies->handle(Object(Illuminate\\Http\\Request), Object(Closure))
#19 /Users/mikewolter/Documenten lokaal/imtmpd-api/imtpmd-api/Imtpmd-api/vendor/laravel/framework/src/Illuminate/Routing/Pipeline.php(53): Illuminate\\Pipeline\\Pipeline->Illuminate\\Pipeline\\{closure}(Object(Illuminate\\Http\\Request))
#20 /Users/mikewolter/Documenten lokaal/imtmpd-api/imtpmd-api/Imtpmd-api/vendor/laravel/framework/src/Illuminate/Foundation/Http/Middleware/TransformsRequest.php(21): Illuminate\\Routing\\Pipeline->Illuminate\\Routing\\{closure}(Object(Illuminate\\Http\\Request))
#21 /Users/mikewolter/Documenten lokaal/imtmpd-api/imtpmd-api/Imtpmd-api/vendor/laravel/framework/src/Illuminate/Pipeline/Pipeline.php(163): Illuminate\\Foundation\\Http\\Middleware\\TransformsRequest->handle(Object(Illuminate\\Http\\Request), Object(Closure))
#22 /Users/mikewolter/Documenten lokaal/imtmpd-api/imtpmd-api/Imtpmd-api/vendor/laravel/framework/src/Illuminate/Routing/Pipeline.php(53): Illuminate\\Pipeline\\Pipeline->Illuminate\\Pipeline\\{closure}(Object(Illuminate\\Http\\Request))
#23 /Users/mikewolter/Documenten lokaal/imtmpd-api/imtpmd-api/Imtpmd-api/vendor/laravel/framework/src/Illuminate/Foundation/Http/Middleware/TransformsRequest.php(21): Illuminate\\Routing\\Pipeline->Illuminate\\Routing\\{closure}(Object(Illuminate\\Http\\Request))
#24 /Users/mikewolter/Documenten lokaal/imtmpd-api/imtpmd-api/Imtpmd-api/vendor/laravel/framework/src/Illuminate/Pipeline/Pipeline.php(163): Illuminate\\Foundation\\Http\\Middleware\\TransformsRequest->handle(Object(Illuminate\\Http\\Request), Object(Closure))
#25 /Users/mikewolter/Documenten lokaal/imtmpd-api/imtpmd-api/Imtpmd-api/vendor/laravel/framework/src/Illuminate/Routing/Pipeline.php(53): Illuminate\\Pipeline\\Pipeline->Illuminate\\Pipeline\\{closure}(Object(Illuminate\\Http\\Request))
#26 /Users/mikewolter/Documenten lokaal/imtmpd-api/imtpmd-api/Imtpmd-api/vendor/laravel/framework/src/Illuminate/Foundation/Http/Middleware/ValidatePostSize.php(27): Illuminate\\Routing\\Pipeline->Illuminate\\Routing\\{closure}(Object(Illuminate\\Http\\Request))
#27 /Users/mikewolter/Documenten lokaal/imtmpd-api/imtpmd-api/Imtpmd-api/vendor/laravel/framework/src/Illuminate/Pipeline/Pipeline.php(163): Illuminate\\Foundation\\Http\\Middleware\\ValidatePostSize->handle(Object(Illuminate\\Http\\Request), Object(Closure))
#28 /Users/mikewolter/Documenten lokaal/imtmpd-api/imtpmd-api/Imtpmd-api/vendor/laravel/framework/src/Illuminate/Routing/Pipeline.php(53): Illuminate\\Pipeline\\Pipeline->Illuminate\\Pipeline\\{closure}(Object(Illuminate\\Http\\Request))
#29 /Users/mikewolter/Documenten lokaal/imtmpd-api/imtpmd-api/Imtpmd-api/vendor/laravel/framework/src/Illuminate/Foundation/Http/Middleware/CheckForMaintenanceMode.php(62): Illuminate\\Routing\\Pipeline->Illuminate\\Routing\\{closure}(Object(Illuminate\\Http\\Request))
#30 /Users/mikewolter/Documenten lokaal/imtmpd-api/imtpmd-api/Imtpmd-api/vendor/laravel/framework/src/Illuminate/Pipeline/Pipeline.php(163): Illuminate\\Foundation\\Http\\Middleware\\CheckForMaintenanceMode->handle(Object(Illuminate\\Http\\Request), Object(Closure))
#31 /Users/mikewolter/Documenten lokaal/imtmpd-api/imtpmd-api/Imtpmd-api/vendor/laravel/framework/src/Illuminate/Routing/Pipeline.php(53): Illuminate\\Pipeline\\Pipeline->Illuminate\\Pipeline\\{closure}(Object(Illuminate\\Http\\Request))
#32 /Users/mikewolter/Documenten lokaal/imtmpd-api/imtpmd-api/Imtpmd-api/vendor/laravel/framework/src/Illuminate/Pipeline/Pipeline.php(104): Illuminate\\Routing\\Pipeline->Illuminate\\Routing\\{closure}(Object(Illuminate\\Http\\Request))
#33 /Users/mikewolter/Documenten lokaal/imtmpd-api/imtpmd-api/Imtpmd-api/vendor/laravel/framework/src/Illuminate/Foundation/Http/Kernel.php(151): Illuminate\\Pipeline\\Pipeline->then(Object(Closure))
#34 /Users/mikewolter/Documenten lokaal/imtmpd-api/imtpmd-api/Imtpmd-api/vendor/laravel/framework/src/Illuminate/Foundation/Http/Kernel.php(116): Illuminate\\Foundation\\Http\\Kernel->sendRequestThroughRouter(Object(Illuminate\\Http\\Request))
#35 /Users/mikewolter/Documenten lokaal/imtmpd-api/imtpmd-api/Imtpmd-api/public/index.php(55): Illuminate\\Foundation\\Http\\Kernel->handle(Object(Illuminate\\Http\\Request))
#36 /Users/mikewolter/Documenten lokaal/imtmpd-api/imtpmd-api/Imtpmd-api/server.php(21): require_once('/Users/mikewolt...')
#37 {main}
"} 
[2019-06-10 13:45:56] local.ERROR: SQLSTATE[42S22]: Column not found: 1054 Unknown column '' in 'where clause' (SQL: select * from `producten` where `` is null limit 1) {"exception":"[object] (Illuminate\\Database\\QueryException(code: 42S22): SQLSTATE[42S22]: Column not found: 1054 Unknown column '' in 'where clause' (SQL: select * from `producten` where `` is null limit 1) at /Users/mikewolter/Documenten lokaal/imtmpd-api/imtpmd-api/Imtpmd-api/vendor/laravel/framework/src/Illuminate/Database/Connection.php:664, PDOException(code: 42S22): SQLSTATE[42S22]: Column not found: 1054 Unknown column '' in 'where clause' at /Users/mikewolter/Documenten lokaal/imtmpd-api/imtpmd-api/Imtpmd-api/vendor/laravel/framework/src/Illuminate/Database/Connection.php:326)
[stacktrace]
#0 /Users/mikewolter/Documenten lokaal/imtmpd-api/imtpmd-api/Imtpmd-api/vendor/laravel/framework/src/Illuminate/Database/Connection.php(624): Illuminate\\Database\\Connection->runQueryCallback('select * from `...', Array, Object(Closure))
#1 /Users/mikewolter/Documenten lokaal/imtmpd-api/imtpmd-api/Imtpmd-api/vendor/laravel/framework/src/Illuminate/Database/Connection.php(333): Illuminate\\Database\\Connection->run('select * from `...', Array, Object(Closure))
#2 /Users/mikewolter/Documenten lokaal/imtmpd-api/imtpmd-api/Imtpmd-api/vendor/laravel/framework/src/Illuminate/Database/Query/Builder.php(2124): Illuminate\\Database\\Connection->select('select * from `...', Array, true)
#3 /Users/mikewolter/Documenten lokaal/imtmpd-api/imtpmd-api/Imtpmd-api/vendor/laravel/framework/src/Illuminate/Database/Query/Builder.php(2112): Illuminate\\Database\\Query\\Builder->runSelect()
#4 /Users/mikewolter/Documenten lokaal/imtmpd-api/imtpmd-api/Imtpmd-api/vendor/laravel/framework/src/Illuminate/Database/Query/Builder.php(2598): Illuminate\\Database\\Query\\Builder->Illuminate\\Database\\Query\\{closure}()
#5 /Users/mikewolter/Documenten lokaal/imtmpd-api/imtpmd-api/Imtpmd-api/vendor/laravel/framework/src/Illuminate/Database/Query/Builder.php(2113): Illuminate\\Database\\Query\\Builder->onceWithColumns(Array, Object(Closure))
#6 /Users/mikewolter/Documenten lokaal/imtmpd-api/imtpmd-api/Imtpmd-api/vendor/laravel/framework/src/Illuminate/Database/Eloquent/Builder.php(521): Illuminate\\Database\\Query\\Builder->get(Array)
#7 /Users/mikewolter/Documenten lokaal/imtmpd-api/imtpmd-api/Imtpmd-api/vendor/laravel/framework/src/Illuminate/Database/Eloquent/Builder.php(505): Illuminate\\Database\\Eloquent\\Builder->getModels(Array)
#8 /Users/mikewolter/Documenten lokaal/imtmpd-api/imtpmd-api/Imtpmd-api/vendor/laravel/framework/src/Illuminate/Database/Concerns/BuildsQueries.php(77): Illuminate\\Database\\Eloquent\\Builder->get(Array)
#9 /Users/mikewolter/Documenten lokaal/imtmpd-api/imtpmd-api/Imtpmd-api/app/Http/Controllers/ProductController.php(12): Illuminate\\Database\\Eloquent\\Builder->first()
#10 [internal function]: App\\Http\\Controllers\\ProductController->show('5449000111678')
#11 /Users/mikewolter/Documenten lokaal/imtmpd-api/imtpmd-api/Imtpmd-api/vendor/laravel/framework/src/Illuminate/Routing/Controller.php(54): call_user_func_array(Array, Array)
#12 /Users/mikewolter/Documenten lokaal/imtmpd-api/imtpmd-api/Imtpmd-api/vendor/laravel/framework/src/Illuminate/Routing/ControllerDispatcher.php(45): Illuminate\\Routing\\Controller->callAction('show', Array)
#13 /Users/mikewolter/Documenten lokaal/imtmpd-api/imtpmd-api/Imtpmd-api/vendor/laravel/framework/src/Illuminate/Routing/Route.php(219): Illuminate\\Routing\\ControllerDispatcher->dispatch(Object(Illuminate\\Routing\\Route), Object(App\\Http\\Controllers\\ProductController), 'show')
#14 /Users/mikewolter/Documenten lokaal/imtmpd-api/imtpmd-api/Imtpmd-api/vendor/laravel/framework/src/Illuminate/Routing/Route.php(176): Illuminate\\Routing\\Route->runController()
#15 /Users/mikewolter/Documenten lokaal/imtmpd-api/imtpmd-api/Imtpmd-api/vendor/laravel/framework/src/Illuminate/Routing/Router.php(680): Illuminate\\Routing\\Route->run()
#16 /Users/mikewolter/Documenten lokaal/imtmpd-api/imtpmd-api/Imtpmd-api/vendor/laravel/framework/src/Illuminate/Routing/Pipeline.php(30): Illuminate\\Routing\\Router->Illuminate\\Routing\\{closure}(Object(Illuminate\\Http\\Request))
#17 /Users/mikewolter/Documenten lokaal/imtmpd-api/imtpmd-api/Imtpmd-api/vendor/laravel/framework/src/Illuminate/Routing/Middleware/SubstituteBindings.php(41): Illuminate\\Routing\\Pipeline->Illuminate\\Routing\\{closure}(Object(Illuminate\\Http\\Request))
#18 /Users/mikewolter/Documenten lokaal/imtmpd-api/imtpmd-api/Imtpmd-api/vendor/laravel/framework/src/Illuminate/Pipeline/Pipeline.php(163): Illuminate\\Routing\\Middleware\\SubstituteBindings->handle(Object(Illuminate\\Http\\Request), Object(Closure))
#19 /Users/mikewolter/Documenten lokaal/imtmpd-api/imtpmd-api/Imtpmd-api/vendor/laravel/framework/src/Illuminate/Routing/Pipeline.php(53): Illuminate\\Pipeline\\Pipeline->Illuminate\\Pipeline\\{closure}(Object(Illuminate\\Http\\Request))
#20 /Users/mikewolter/Documenten lokaal/imtmpd-api/imtpmd-api/Imtpmd-api/vendor/laravel/framework/src/Illuminate/Routing/Middleware/ThrottleRequests.php(58): Illuminate\\Routing\\Pipeline->Illuminate\\Routing\\{closure}(Object(Illuminate\\Http\\Request))
#21 /Users/mikewolter/Documenten lokaal/imtmpd-api/imtpmd-api/Imtpmd-api/vendor/laravel/framework/src/Illuminate/Pipeline/Pipeline.php(163): Illuminate\\Routing\\Middleware\\ThrottleRequests->handle(Object(Illuminate\\Http\\Request), Object(Closure), 60, '1')
#22 /Users/mikewolter/Documenten lokaal/imtmpd-api/imtpmd-api/Imtpmd-api/vendor/laravel/framework/src/Illuminate/Routing/Pipeline.php(53): Illuminate\\Pipeline\\Pipeline->Illuminate\\Pipeline\\{closure}(Object(Illuminate\\Http\\Request))
#23 /Users/mikewolter/Documenten lokaal/imtmpd-api/imtpmd-api/Imtpmd-api/vendor/laravel/framework/src/Illuminate/Pipeline/Pipeline.php(104): Illuminate\\Routing\\Pipeline->Illuminate\\Routing\\{closure}(Object(Illuminate\\Http\\Request))
#24 /Users/mikewolter/Documenten lokaal/imtmpd-api/imtpmd-api/Imtpmd-api/vendor/laravel/framework/src/Illuminate/Routing/Router.php(682): Illuminate\\Pipeline\\Pipeline->then(Object(Closure))
#25 /Users/mikewolter/Documenten lokaal/imtmpd-api/imtpmd-api/Imtpmd-api/vendor/laravel/framework/src/Illuminate/Routing/Router.php(657): Illuminate\\Routing\\Router->runRouteWithinStack(Object(Illuminate\\Routing\\Route), Object(Illuminate\\Http\\Request))
#26 /Users/mikewolter/Documenten lokaal/imtmpd-api/imtpmd-api/Imtpmd-api/vendor/laravel/framework/src/Illuminate/Routing/Router.php(623): Illuminate\\Routing\\Router->runRoute(Object(Illuminate\\Http\\Request), Object(Illuminate\\Routing\\Route))
#27 /Users/mikewolter/Documenten lokaal/imtmpd-api/imtpmd-api/Imtpmd-api/vendor/laravel/framework/src/Illuminate/Routing/Router.php(612): Illuminate\\Routing\\Router->dispatchToRoute(Object(Illuminate\\Http\\Request))
#28 /Users/mikewolter/Documenten lokaal/imtmpd-api/imtpmd-api/Imtpmd-api/vendor/laravel/framework/src/Illuminate/Foundation/Http/Kernel.php(176): Illuminate\\Routing\\Router->dispatch(Object(Illuminate\\Http\\Request))
#29 /Users/mikewolter/Documenten lokaal/imtmpd-api/imtpmd-api/Imtpmd-api/vendor/laravel/framework/src/Illuminate/Routing/Pipeline.php(30): Illuminate\\Foundation\\Http\\Kernel->Illuminate\\Foundation\\Http\\{closure}(Object(Illuminate\\Http\\Request))
#30 /Users/mikewolter/Documenten lokaal/imtmpd-api/imtpmd-api/Imtpmd-api/vendor/fideloper/proxy/src/TrustProxies.php(57): Illuminate\\Routing\\Pipeline->Illuminate\\Routing\\{closure}(Object(Illuminate\\Http\\Request))
#31 /Users/mikewolter/Documenten lokaal/imtmpd-api/imtpmd-api/Imtpmd-api/vendor/laravel/framework/src/Illuminate/Pipeline/Pipeline.php(163): Fideloper\\Proxy\\TrustProxies->handle(Object(Illuminate\\Http\\Request), Object(Closure))
#32 /Users/mikewolter/Documenten lokaal/imtmpd-api/imtpmd-api/Imtpmd-api/vendor/laravel/framework/src/Illuminate/Routing/Pipeline.php(53): Illuminate\\Pipeline\\Pipeline->Illuminate\\Pipeline\\{closure}(Object(Illuminate\\Http\\Request))
#33 /Users/mikewolter/Documenten lokaal/imtmpd-api/imtpmd-api/Imtpmd-api/vendor/laravel/framework/src/Illuminate/Foundation/Http/Middleware/TransformsRequest.php(21): Illuminate\\Routing\\Pipeline->Illuminate\\Routing\\{closure}(Object(Illuminate\\Http\\Request))
#34 /Users/mikewolter/Documenten lokaal/imtmpd-api/imtpmd-api/Imtpmd-api/vendor/laravel/framework/src/Illuminate/Pipeline/Pipeline.php(163): Illuminate\\Foundation\\Http\\Middleware\\TransformsRequest->handle(Object(Illuminate\\Http\\Request), Object(Closure))
#35 /Users/mikewolter/Documenten lokaal/imtmpd-api/imtpmd-api/Imtpmd-api/vendor/laravel/framework/src/Illuminate/Routing/Pipeline.php(53): Illuminate\\Pipeline\\Pipeline->Illuminate\\Pipeline\\{closure}(Object(Illuminate\\Http\\Request))
#36 /Users/mikewolter/Documenten lokaal/imtmpd-api/imtpmd-api/Imtpmd-api/vendor/laravel/framework/src/Illuminate/Foundation/Http/Middleware/TransformsRequest.php(21): Illuminate\\Routing\\Pipeline->Illuminate\\Routing\\{closure}(Object(Illuminate\\Http\\Request))
#37 /Users/mikewolter/Documenten lokaal/imtmpd-api/imtpmd-api/Imtpmd-api/vendor/laravel/framework/src/Illuminate/Pipeline/Pipeline.php(163): Illuminate\\Foundation\\Http\\Middleware\\TransformsRequest->handle(Object(Illuminate\\Http\\Request), Object(Closure))
#38 /Users/mikewolter/Documenten lokaal/imtmpd-api/imtpmd-api/Imtpmd-api/vendor/laravel/framework/src/Illuminate/Routing/Pipeline.php(53): Illuminate\\Pipeline\\Pipeline->Illuminate\\Pipeline\\{closure}(Object(Illuminate\\Http\\Request))
#39 /Users/mikewolter/Documenten lokaal/imtmpd-api/imtpmd-api/Imtpmd-api/vendor/laravel/framework/src/Illuminate/Foundation/Http/Middleware/ValidatePostSize.php(27): Illuminate\\Routing\\Pipeline->Illuminate\\Routing\\{closure}(Object(Illuminate\\Http\\Request))
#40 /Users/mikewolter/Documenten lokaal/imtmpd-api/imtpmd-api/Imtpmd-api/vendor/laravel/framework/src/Illuminate/Pipeline/Pipeline.php(163): Illuminate\\Foundation\\Http\\Middleware\\ValidatePostSize->handle(Object(Illuminate\\Http\\Request), Object(Closure))
#41 /Users/mikewolter/Documenten lokaal/imtmpd-api/imtpmd-api/Imtpmd-api/vendor/laravel/framework/src/Illuminate/Routing/Pipeline.php(53): Illuminate\\Pipeline\\Pipeline->Illuminate\\Pipeline\\{closure}(Object(Illuminate\\Http\\Request))
#42 /Users/mikewolter/Documenten lokaal/imtmpd-api/imtpmd-api/Imtpmd-api/vendor/laravel/framework/src/Illuminate/Foundation/Http/Middleware/CheckForMaintenanceMode.php(62): Illuminate\\Routing\\Pipeline->Illuminate\\Routing\\{closure}(Object(Illuminate\\Http\\Request))
#43 /Users/mikewolter/Documenten lokaal/imtmpd-api/imtpmd-api/Imtpmd-api/vendor/laravel/framework/src/Illuminate/Pipeline/Pipeline.php(163): Illuminate\\Foundation\\Http\\Middleware\\CheckForMaintenanceMode->handle(Object(Illuminate\\Http\\Request), Object(Closure))
#44 /Users/mikewolter/Documenten lokaal/imtmpd-api/imtpmd-api/Imtpmd-api/vendor/laravel/framework/src/Illuminate/Routing/Pipeline.php(53): Illuminate\\Pipeline\\Pipeline->Illuminate\\Pipeline\\{closure}(Object(Illuminate\\Http\\Request))
#45 /Users/mikewolter/Documenten lokaal/imtmpd-api/imtpmd-api/Imtpmd-api/vendor/laravel/framework/src/Illuminate/Pipeline/Pipeline.php(104): Illuminate\\Routing\\Pipeline->Illuminate\\Routing\\{closure}(Object(Illuminate\\Http\\Request))
#46 /Users/mikewolter/Documenten lokaal/imtmpd-api/imtpmd-api/Imtpmd-api/vendor/laravel/framework/src/Illuminate/Foundation/Http/Kernel.php(151): Illuminate\\Pipeline\\Pipeline->then(Object(Closure))
#47 /Users/mikewolter/Documenten lokaal/imtmpd-api/imtpmd-api/Imtpmd-api/vendor/laravel/framework/src/Illuminate/Foundation/Http/Kernel.php(116): Illuminate\\Foundation\\Http\\Kernel->sendRequestThroughRouter(Object(Illuminate\\Http\\Request))
#48 /Users/mikewolter/Documenten lokaal/imtmpd-api/imtpmd-api/Imtpmd-api/public/index.php(55): Illuminate\\Foundation\\Http\\Kernel->handle(Object(Illuminate\\Http\\Request))
#49 /Users/mikewolter/Documenten lokaal/imtmpd-api/imtpmd-api/Imtpmd-api/server.php(21): require_once('/Users/mikewolt...')
#50 {main}
"} 
[2019-06-10 13:46:08] local.ERROR: SQLSTATE[42S22]: Column not found: 1054 Unknown column 'ean_codeee' in 'where clause' (SQL: select * from `producten` where `ean_codeee` = 5449000111678 limit 1) {"exception":"[object] (Illuminate\\Database\\QueryException(code: 42S22): SQLSTATE[42S22]: Column not found: 1054 Unknown column 'ean_codeee' in 'where clause' (SQL: select * from `producten` where `ean_codeee` = 5449000111678 limit 1) at /Users/mikewolter/Documenten lokaal/imtmpd-api/imtpmd-api/Imtpmd-api/vendor/laravel/framework/src/Illuminate/Database/Connection.php:664, PDOException(code: 42S22): SQLSTATE[42S22]: Column not found: 1054 Unknown column 'ean_codeee' in 'where clause' at /Users/mikewolter/Documenten lokaal/imtmpd-api/imtpmd-api/Imtpmd-api/vendor/laravel/framework/src/Illuminate/Database/Connection.php:326)
[stacktrace]
#0 /Users/mikewolter/Documenten lokaal/imtmpd-api/imtpmd-api/Imtpmd-api/vendor/laravel/framework/src/Illuminate/Database/Connection.php(624): Illuminate\\Database\\Connection->runQueryCallback('select * from `...', Array, Object(Closure))
#1 /Users/mikewolter/Documenten lokaal/imtmpd-api/imtpmd-api/Imtpmd-api/vendor/laravel/framework/src/Illuminate/Database/Connection.php(333): Illuminate\\Database\\Connection->run('select * from `...', Array, Object(Closure))
#2 /Users/mikewolter/Documenten lokaal/imtmpd-api/imtpmd-api/Imtpmd-api/vendor/laravel/framework/src/Illuminate/Database/Query/Builder.php(2124): Illuminate\\Database\\Connection->select('select * from `...', Array, true)
#3 /Users/mikewolter/Documenten lokaal/imtmpd-api/imtpmd-api/Imtpmd-api/vendor/laravel/framework/src/Illuminate/Database/Query/Builder.php(2112): Illuminate\\Database\\Query\\Builder->runSelect()
#4 /Users/mikewolter/Documenten lokaal/imtmpd-api/imtpmd-api/Imtpmd-api/vendor/laravel/framework/src/Illuminate/Database/Query/Builder.php(2598): Illuminate\\Database\\Query\\Builder->Illuminate\\Database\\Query\\{closure}()
#5 /Users/mikewolter/Documenten lokaal/imtmpd-api/imtpmd-api/Imtpmd-api/vendor/laravel/framework/src/Illuminate/Database/Query/Builder.php(2113): Illuminate\\Database\\Query\\Builder->onceWithColumns(Array, Object(Closure))
#6 /Users/mikewolter/Documenten lokaal/imtmpd-api/imtpmd-api/Imtpmd-api/vendor/laravel/framework/src/Illuminate/Database/Eloquent/Builder.php(521): Illuminate\\Database\\Query\\Builder->get(Array)
#7 /Users/mikewolter/Documenten lokaal/imtmpd-api/imtpmd-api/Imtpmd-api/vendor/laravel/framework/src/Illuminate/Database/Eloquent/Builder.php(505): Illuminate\\Database\\Eloquent\\Builder->getModels(Array)
#8 /Users/mikewolter/Documenten lokaal/imtmpd-api/imtpmd-api/Imtpmd-api/vendor/laravel/framework/src/Illuminate/Database/Concerns/BuildsQueries.php(77): Illuminate\\Database\\Eloquent\\Builder->get(Array)
#9 /Users/mikewolter/Documenten lokaal/imtmpd-api/imtpmd-api/Imtpmd-api/app/Http/Controllers/ProductController.php(12): Illuminate\\Database\\Eloquent\\Builder->first()
#10 [internal function]: App\\Http\\Controllers\\ProductController->show('5449000111678')
#11 /Users/mikewolter/Documenten lokaal/imtmpd-api/imtpmd-api/Imtpmd-api/vendor/laravel/framework/src/Illuminate/Routing/Controller.php(54): call_user_func_array(Array, Array)
#12 /Users/mikewolter/Documenten lokaal/imtmpd-api/imtpmd-api/Imtpmd-api/vendor/laravel/framework/src/Illuminate/Routing/ControllerDispatcher.php(45): Illuminate\\Routing\\Controller->callAction('show', Array)
#13 /Users/mikewolter/Documenten lokaal/imtmpd-api/imtpmd-api/Imtpmd-api/vendor/laravel/framework/src/Illuminate/Routing/Route.php(219): Illuminate\\Routing\\ControllerDispatcher->dispatch(Object(Illuminate\\Routing\\Route), Object(App\\Http\\Controllers\\ProductController), 'show')
#14 /Users/mikewolter/Documenten lokaal/imtmpd-api/imtpmd-api/Imtpmd-api/vendor/laravel/framework/src/Illuminate/Routing/Route.php(176): Illuminate\\Routing\\Route->runController()
#15 /Users/mikewolter/Documenten lokaal/imtmpd-api/imtpmd-api/Imtpmd-api/vendor/laravel/framework/src/Illuminate/Routing/Router.php(680): Illuminate\\Routing\\Route->run()
#16 /Users/mikewolter/Documenten lokaal/imtmpd-api/imtpmd-api/Imtpmd-api/vendor/laravel/framework/src/Illuminate/Routing/Pipeline.php(30): Illuminate\\Routing\\Router->Illuminate\\Routing\\{closure}(Object(Illuminate\\Http\\Request))
#17 /Users/mikewolter/Documenten lokaal/imtmpd-api/imtpmd-api/Imtpmd-api/vendor/laravel/framework/src/Illuminate/Routing/Middleware/SubstituteBindings.php(41): Illuminate\\Routing\\Pipeline->Illuminate\\Routing\\{closure}(Object(Illuminate\\Http\\Request))
#18 /Users/mikewolter/Documenten lokaal/imtmpd-api/imtpmd-api/Imtpmd-api/vendor/laravel/framework/src/Illuminate/Pipeline/Pipeline.php(163): Illuminate\\Routing\\Middleware\\SubstituteBindings->handle(Object(Illuminate\\Http\\Request), Object(Closure))
#19 /Users/mikewolter/Documenten lokaal/imtmpd-api/imtpmd-api/Imtpmd-api/vendor/laravel/framework/src/Illuminate/Routing/Pipeline.php(53): Illuminate\\Pipeline\\Pipeline->Illuminate\\Pipeline\\{closure}(Object(Illuminate\\Http\\Request))
#20 /Users/mikewolter/Documenten lokaal/imtmpd-api/imtpmd-api/Imtpmd-api/vendor/laravel/framework/src/Illuminate/Routing/Middleware/ThrottleRequests.php(58): Illuminate\\Routing\\Pipeline->Illuminate\\Routing\\{closure}(Object(Illuminate\\Http\\Request))
#21 /Users/mikewolter/Documenten lokaal/imtmpd-api/imtpmd-api/Imtpmd-api/vendor/laravel/framework/src/Illuminate/Pipeline/Pipeline.php(163): Illuminate\\Routing\\Middleware\\ThrottleRequests->handle(Object(Illuminate\\Http\\Request), Object(Closure), 60, '1')
#22 /Users/mikewolter/Documenten lokaal/imtmpd-api/imtpmd-api/Imtpmd-api/vendor/laravel/framework/src/Illuminate/Routing/Pipeline.php(53): Illuminate\\Pipeline\\Pipeline->Illuminate\\Pipeline\\{closure}(Object(Illuminate\\Http\\Request))
#23 /Users/mikewolter/Documenten lokaal/imtmpd-api/imtpmd-api/Imtpmd-api/vendor/laravel/framework/src/Illuminate/Pipeline/Pipeline.php(104): Illuminate\\Routing\\Pipeline->Illuminate\\Routing\\{closure}(Object(Illuminate\\Http\\Request))
#24 /Users/mikewolter/Documenten lokaal/imtmpd-api/imtpmd-api/Imtpmd-api/vendor/laravel/framework/src/Illuminate/Routing/Router.php(682): Illuminate\\Pipeline\\Pipeline->then(Object(Closure))
#25 /Users/mikewolter/Documenten lokaal/imtmpd-api/imtpmd-api/Imtpmd-api/vendor/laravel/framework/src/Illuminate/Routing/Router.php(657): Illuminate\\Routing\\Router->runRouteWithinStack(Object(Illuminate\\Routing\\Route), Object(Illuminate\\Http\\Request))
#26 /Users/mikewolter/Documenten lokaal/imtmpd-api/imtpmd-api/Imtpmd-api/vendor/laravel/framework/src/Illuminate/Routing/Router.php(623): Illuminate\\Routing\\Router->runRoute(Object(Illuminate\\Http\\Request), Object(Illuminate\\Routing\\Route))
#27 /Users/mikewolter/Documenten lokaal/imtmpd-api/imtpmd-api/Imtpmd-api/vendor/laravel/framework/src/Illuminate/Routing/Router.php(612): Illuminate\\Routing\\Router->dispatchToRoute(Object(Illuminate\\Http\\Request))
#28 /Users/mikewolter/Documenten lokaal/imtmpd-api/imtpmd-api/Imtpmd-api/vendor/laravel/framework/src/Illuminate/Foundation/Http/Kernel.php(176): Illuminate\\Routing\\Router->dispatch(Object(Illuminate\\Http\\Request))
#29 /Users/mikewolter/Documenten lokaal/imtmpd-api/imtpmd-api/Imtpmd-api/vendor/laravel/framework/src/Illuminate/Routing/Pipeline.php(30): Illuminate\\Foundation\\Http\\Kernel->Illuminate\\Foundation\\Http\\{closure}(Object(Illuminate\\Http\\Request))
#30 /Users/mikewolter/Documenten lokaal/imtmpd-api/imtpmd-api/Imtpmd-api/vendor/fideloper/proxy/src/TrustProxies.php(57): Illuminate\\Routing\\Pipeline->Illuminate\\Routing\\{closure}(Object(Illuminate\\Http\\Request))
#31 /Users/mikewolter/Documenten lokaal/imtmpd-api/imtpmd-api/Imtpmd-api/vendor/laravel/framework/src/Illuminate/Pipeline/Pipeline.php(163): Fideloper\\Proxy\\TrustProxies->handle(Object(Illuminate\\Http\\Request), Object(Closure))
#32 /Users/mikewolter/Documenten lokaal/imtmpd-api/imtpmd-api/Imtpmd-api/vendor/laravel/framework/src/Illuminate/Routing/Pipeline.php(53): Illuminate\\Pipeline\\Pipeline->Illuminate\\Pipeline\\{closure}(Object(Illuminate\\Http\\Request))
#33 /Users/mikewolter/Documenten lokaal/imtmpd-api/imtpmd-api/Imtpmd-api/vendor/laravel/framework/src/Illuminate/Foundation/Http/Middleware/TransformsRequest.php(21): Illuminate\\Routing\\Pipeline->Illuminate\\Routing\\{closure}(Object(Illuminate\\Http\\Request))
#34 /Users/mikewolter/Documenten lokaal/imtmpd-api/imtpmd-api/Imtpmd-api/vendor/laravel/framework/src/Illuminate/Pipeline/Pipeline.php(163): Illuminate\\Foundation\\Http\\Middleware\\TransformsRequest->handle(Object(Illuminate\\Http\\Request), Object(Closure))
#35 /Users/mikewolter/Documenten lokaal/imtmpd-api/imtpmd-api/Imtpmd-api/vendor/laravel/framework/src/Illuminate/Routing/Pipeline.php(53): Illuminate\\Pipeline\\Pipeline->Illuminate\\Pipeline\\{closure}(Object(Illuminate\\Http\\Request))
#36 /Users/mikewolter/Documenten lokaal/imtmpd-api/imtpmd-api/Imtpmd-api/vendor/laravel/framework/src/Illuminate/Foundation/Http/Middleware/TransformsRequest.php(21): Illuminate\\Routing\\Pipeline->Illuminate\\Routing\\{closure}(Object(Illuminate\\Http\\Request))
#37 /Users/mikewolter/Documenten lokaal/imtmpd-api/imtpmd-api/Imtpmd-api/vendor/laravel/framework/src/Illuminate/Pipeline/Pipeline.php(163): Illuminate\\Foundation\\Http\\Middleware\\TransformsRequest->handle(Object(Illuminate\\Http\\Request), Object(Closure))
#38 /Users/mikewolter/Documenten lokaal/imtmpd-api/imtpmd-api/Imtpmd-api/vendor/laravel/framework/src/Illuminate/Routing/Pipeline.php(53): Illuminate\\Pipeline\\Pipeline->Illuminate\\Pipeline\\{closure}(Object(Illuminate\\Http\\Request))
#39 /Users/mikewolter/Documenten lokaal/imtmpd-api/imtpmd-api/Imtpmd-api/vendor/laravel/framework/src/Illuminate/Foundation/Http/Middleware/ValidatePostSize.php(27): Illuminate\\Routing\\Pipeline->Illuminate\\Routing\\{closure}(Object(Illuminate\\Http\\Request))
#40 /Users/mikewolter/Documenten lokaal/imtmpd-api/imtpmd-api/Imtpmd-api/vendor/laravel/framework/src/Illuminate/Pipeline/Pipeline.php(163): Illuminate\\Foundation\\Http\\Middleware\\ValidatePostSize->handle(Object(Illuminate\\Http\\Request), Object(Closure))
#41 /Users/mikewolter/Documenten lokaal/imtmpd-api/imtpmd-api/Imtpmd-api/vendor/laravel/framework/src/Illuminate/Routing/Pipeline.php(53): Illuminate\\Pipeline\\Pipeline->Illuminate\\Pipeline\\{closure}(Object(Illuminate\\Http\\Request))
#42 /Users/mikewolter/Documenten lokaal/imtmpd-api/imtpmd-api/Imtpmd-api/vendor/laravel/framework/src/Illuminate/Foundation/Http/Middleware/CheckForMaintenanceMode.php(62): Illuminate\\Routing\\Pipeline->Illuminate\\Routing\\{closure}(Object(Illuminate\\Http\\Request))
#43 /Users/mikewolter/Documenten lokaal/imtmpd-api/imtpmd-api/Imtpmd-api/vendor/laravel/framework/src/Illuminate/Pipeline/Pipeline.php(163): Illuminate\\Foundation\\Http\\Middleware\\CheckForMaintenanceMode->handle(Object(Illuminate\\Http\\Request), Object(Closure))
#44 /Users/mikewolter/Documenten lokaal/imtmpd-api/imtpmd-api/Imtpmd-api/vendor/laravel/framework/src/Illuminate/Routing/Pipeline.php(53): Illuminate\\Pipeline\\Pipeline->Illuminate\\Pipeline\\{closure}(Object(Illuminate\\Http\\Request))
#45 /Users/mikewolter/Documenten lokaal/imtmpd-api/imtpmd-api/Imtpmd-api/vendor/laravel/framework/src/Illuminate/Pipeline/Pipeline.php(104): Illuminate\\Routing\\Pipeline->Illuminate\\Routing\\{closure}(Object(Illuminate\\Http\\Request))
#46 /Users/mikewolter/Documenten lokaal/imtmpd-api/imtpmd-api/Imtpmd-api/vendor/laravel/framework/src/Illuminate/Foundation/Http/Kernel.php(151): Illuminate\\Pipeline\\Pipeline->then(Object(Closure))
#47 /Users/mikewolter/Documenten lokaal/imtmpd-api/imtpmd-api/Imtpmd-api/vendor/laravel/framework/src/Illuminate/Foundation/Http/Kernel.php(116): Illuminate\\Foundation\\Http\\Kernel->sendRequestThroughRouter(Object(Illuminate\\Http\\Request))
#48 /Users/mikewolter/Documenten lokaal/imtmpd-api/imtpmd-api/Imtpmd-api/public/index.php(55): Illuminate\\Foundation\\Http\\Kernel->handle(Object(Illuminate\\Http\\Request))
#49 /Users/mikewolter/Documenten lokaal/imtmpd-api/imtpmd-api/Imtpmd-api/server.php(21): require_once('/Users/mikewolt...')
#50 {main}
"} 
[2019-06-10 15:43:08] local.ERROR: syntax error, unexpected '=>' (T_DOUBLE_ARROW), expecting ')' {"exception":"[object] (Symfony\\Component\\Debug\\Exception\\FatalThrowableError(code: 0): syntax error, unexpected '=>' (T_DOUBLE_ARROW), expecting ')' at /Users/mikewolter/Documenten lokaal/imtmpd-api/imtpmd-api/Imtpmd-api/app/Http/Controllers/ProductController.php:15)
[stacktrace]
#0 /Users/mikewolter/Documenten lokaal/imtmpd-api/imtpmd-api/Imtpmd-api/vendor/composer/ClassLoader.php(322): Composer\\Autoload\\includeFile('/Users/mikewolt...')
#1 [internal function]: Composer\\Autoload\\ClassLoader->loadClass('App\\\\Http\\\\Contro...')
#2 [internal function]: spl_autoload_call('App\\\\Http\\\\Contro...')
#3 /Users/mikewolter/Documenten lokaal/imtmpd-api/imtpmd-api/Imtpmd-api/vendor/laravel/framework/src/Illuminate/Container/Container.php(790): ReflectionClass->__construct('App\\\\Http\\\\Contro...')
#4 /Users/mikewolter/Documenten lokaal/imtmpd-api/imtpmd-api/Imtpmd-api/vendor/laravel/framework/src/Illuminate/Container/Container.php(667): Illuminate\\Container\\Container->build('App\\\\Http\\\\Contro...')
#5 /Users/mikewolter/Documenten lokaal/imtmpd-api/imtpmd-api/Imtpmd-api/vendor/laravel/framework/src/Illuminate/Container/Container.php(615): Illuminate\\Container\\Container->resolve('App\\\\Http\\\\Contro...', Array)
#6 /Users/mikewolter/Documenten lokaal/imtmpd-api/imtpmd-api/Imtpmd-api/vendor/laravel/framework/src/Illuminate/Foundation/Application.php(767): Illuminate\\Container\\Container->make('App\\\\Http\\\\Contro...', Array)
#7 /Users/mikewolter/Documenten lokaal/imtmpd-api/imtpmd-api/Imtpmd-api/vendor/laravel/framework/src/Illuminate/Routing/Route.php(233): Illuminate\\Foundation\\Application->make('App\\\\Http\\\\Contro...')
#8 /Users/mikewolter/Documenten lokaal/imtmpd-api/imtpmd-api/Imtpmd-api/vendor/laravel/framework/src/Illuminate/Routing/Route.php(833): Illuminate\\Routing\\Route->getController()
#9 /Users/mikewolter/Documenten lokaal/imtmpd-api/imtpmd-api/Imtpmd-api/vendor/laravel/framework/src/Illuminate/Routing/Route.php(794): Illuminate\\Routing\\Route->controllerMiddleware()
#10 /Users/mikewolter/Documenten lokaal/imtmpd-api/imtpmd-api/Imtpmd-api/vendor/laravel/framework/src/Illuminate/Routing/Router.php(693): Illuminate\\Routing\\Route->gatherMiddleware()
#11 /Users/mikewolter/Documenten lokaal/imtmpd-api/imtpmd-api/Imtpmd-api/vendor/laravel/framework/src/Illuminate/Routing/Router.php(673): Illuminate\\Routing\\Router->gatherRouteMiddleware(Object(Illuminate\\Routing\\Route))
#12 /Users/mikewolter/Documenten lokaal/imtmpd-api/imtpmd-api/Imtpmd-api/vendor/laravel/framework/src/Illuminate/Routing/Router.php(657): Illuminate\\Routing\\Router->runRouteWithinStack(Object(Illuminate\\Routing\\Route), Object(Illuminate\\Http\\Request))
#13 /Users/mikewolter/Documenten lokaal/imtmpd-api/imtpmd-api/Imtpmd-api/vendor/laravel/framework/src/Illuminate/Routing/Router.php(623): Illuminate\\Routing\\Router->runRoute(Object(Illuminate\\Http\\Request), Object(Illuminate\\Routing\\Route))
#14 /Users/mikewolter/Documenten lokaal/imtmpd-api/imtpmd-api/Imtpmd-api/vendor/laravel/framework/src/Illuminate/Routing/Router.php(612): Illuminate\\Routing\\Router->dispatchToRoute(Object(Illuminate\\Http\\Request))
#15 /Users/mikewolter/Documenten lokaal/imtmpd-api/imtpmd-api/Imtpmd-api/vendor/laravel/framework/src/Illuminate/Foundation/Http/Kernel.php(176): Illuminate\\Routing\\Router->dispatch(Object(Illuminate\\Http\\Request))
#16 /Users/mikewolter/Documenten lokaal/imtmpd-api/imtpmd-api/Imtpmd-api/vendor/laravel/framework/src/Illuminate/Routing/Pipeline.php(30): Illuminate\\Foundation\\Http\\Kernel->Illuminate\\Foundation\\Http\\{closure}(Object(Illuminate\\Http\\Request))
#17 /Users/mikewolter/Documenten lokaal/imtmpd-api/imtpmd-api/Imtpmd-api/vendor/fideloper/proxy/src/TrustProxies.php(57): Illuminate\\Routing\\Pipeline->Illuminate\\Routing\\{closure}(Object(Illuminate\\Http\\Request))
#18 /Users/mikewolter/Documenten lokaal/imtmpd-api/imtpmd-api/Imtpmd-api/vendor/laravel/framework/src/Illuminate/Pipeline/Pipeline.php(163): Fideloper\\Proxy\\TrustProxies->handle(Object(Illuminate\\Http\\Request), Object(Closure))
#19 /Users/mikewolter/Documenten lokaal/imtmpd-api/imtpmd-api/Imtpmd-api/vendor/laravel/framework/src/Illuminate/Routing/Pipeline.php(53): Illuminate\\Pipeline\\Pipeline->Illuminate\\Pipeline\\{closure}(Object(Illuminate\\Http\\Request))
#20 /Users/mikewolter/Documenten lokaal/imtmpd-api/imtpmd-api/Imtpmd-api/vendor/laravel/framework/src/Illuminate/Foundation/Http/Middleware/TransformsRequest.php(21): Illuminate\\Routing\\Pipeline->Illuminate\\Routing\\{closure}(Object(Illuminate\\Http\\Request))
#21 /Users/mikewolter/Documenten lokaal/imtmpd-api/imtpmd-api/Imtpmd-api/vendor/laravel/framework/src/Illuminate/Pipeline/Pipeline.php(163): Illuminate\\Foundation\\Http\\Middleware\\TransformsRequest->handle(Object(Illuminate\\Http\\Request), Object(Closure))
#22 /Users/mikewolter/Documenten lokaal/imtmpd-api/imtpmd-api/Imtpmd-api/vendor/laravel/framework/src/Illuminate/Routing/Pipeline.php(53): Illuminate\\Pipeline\\Pipeline->Illuminate\\Pipeline\\{closure}(Object(Illuminate\\Http\\Request))
#23 /Users/mikewolter/Documenten lokaal/imtmpd-api/imtpmd-api/Imtpmd-api/vendor/laravel/framework/src/Illuminate/Foundation/Http/Middleware/TransformsRequest.php(21): Illuminate\\Routing\\Pipeline->Illuminate\\Routing\\{closure}(Object(Illuminate\\Http\\Request))
#24 /Users/mikewolter/Documenten lokaal/imtmpd-api/imtpmd-api/Imtpmd-api/vendor/laravel/framework/src/Illuminate/Pipeline/Pipeline.php(163): Illuminate\\Foundation\\Http\\Middleware\\TransformsRequest->handle(Object(Illuminate\\Http\\Request), Object(Closure))
#25 /Users/mikewolter/Documenten lokaal/imtmpd-api/imtpmd-api/Imtpmd-api/vendor/laravel/framework/src/Illuminate/Routing/Pipeline.php(53): Illuminate\\Pipeline\\Pipeline->Illuminate\\Pipeline\\{closure}(Object(Illuminate\\Http\\Request))
#26 /Users/mikewolter/Documenten lokaal/imtmpd-api/imtpmd-api/Imtpmd-api/vendor/laravel/framework/src/Illuminate/Foundation/Http/Middleware/ValidatePostSize.php(27): Illuminate\\Routing\\Pipeline->Illuminate\\Routing\\{closure}(Object(Illuminate\\Http\\Request))
#27 /Users/mikewolter/Documenten lokaal/imtmpd-api/imtpmd-api/Imtpmd-api/vendor/laravel/framework/src/Illuminate/Pipeline/Pipeline.php(163): Illuminate\\Foundation\\Http\\Middleware\\ValidatePostSize->handle(Object(Illuminate\\Http\\Request), Object(Closure))
#28 /Users/mikewolter/Documenten lokaal/imtmpd-api/imtpmd-api/Imtpmd-api/vendor/laravel/framework/src/Illuminate/Routing/Pipeline.php(53): Illuminate\\Pipeline\\Pipeline->Illuminate\\Pipeline\\{closure}(Object(Illuminate\\Http\\Request))
#29 /Users/mikewolter/Documenten lokaal/imtmpd-api/imtpmd-api/Imtpmd-api/vendor/laravel/framework/src/Illuminate/Foundation/Http/Middleware/CheckForMaintenanceMode.php(62): Illuminate\\Routing\\Pipeline->Illuminate\\Routing\\{closure}(Object(Illuminate\\Http\\Request))
#30 /Users/mikewolter/Documenten lokaal/imtmpd-api/imtpmd-api/Imtpmd-api/vendor/laravel/framework/src/Illuminate/Pipeline/Pipeline.php(163): Illuminate\\Foundation\\Http\\Middleware\\CheckForMaintenanceMode->handle(Object(Illuminate\\Http\\Request), Object(Closure))
#31 /Users/mikewolter/Documenten lokaal/imtmpd-api/imtpmd-api/Imtpmd-api/vendor/laravel/framework/src/Illuminate/Routing/Pipeline.php(53): Illuminate\\Pipeline\\Pipeline->Illuminate\\Pipeline\\{closure}(Object(Illuminate\\Http\\Request))
#32 /Users/mikewolter/Documenten lokaal/imtmpd-api/imtpmd-api/Imtpmd-api/vendor/laravel/framework/src/Illuminate/Pipeline/Pipeline.php(104): Illuminate\\Routing\\Pipeline->Illuminate\\Routing\\{closure}(Object(Illuminate\\Http\\Request))
#33 /Users/mikewolter/Documenten lokaal/imtmpd-api/imtpmd-api/Imtpmd-api/vendor/laravel/framework/src/Illuminate/Foundation/Http/Kernel.php(151): Illuminate\\Pipeline\\Pipeline->then(Object(Closure))
#34 /Users/mikewolter/Documenten lokaal/imtmpd-api/imtpmd-api/Imtpmd-api/vendor/laravel/framework/src/Illuminate/Foundation/Http/Kernel.php(116): Illuminate\\Foundation\\Http\\Kernel->sendRequestThroughRouter(Object(Illuminate\\Http\\Request))
#35 /Users/mikewolter/Documenten lokaal/imtmpd-api/imtpmd-api/Imtpmd-api/public/index.php(55): Illuminate\\Foundation\\Http\\Kernel->handle(Object(Illuminate\\Http\\Request))
#36 /Users/mikewolter/Documenten lokaal/imtmpd-api/imtpmd-api/Imtpmd-api/server.php(21): require_once('/Users/mikewolt...')
#37 {main}
"} 
[2019-06-10 15:43:23] local.ERROR: syntax error, unexpected '=', expecting ')' {"exception":"[object] (Symfony\\Component\\Debug\\Exception\\FatalThrowableError(code: 0): syntax error, unexpected '=', expecting ')' at /Users/mikewolter/Documenten lokaal/imtmpd-api/imtpmd-api/Imtpmd-api/app/Http/Controllers/ProductController.php:15)
[stacktrace]
#0 /Users/mikewolter/Documenten lokaal/imtmpd-api/imtpmd-api/Imtpmd-api/vendor/composer/ClassLoader.php(322): Composer\\Autoload\\includeFile('/Users/mikewolt...')
#1 [internal function]: Composer\\Autoload\\ClassLoader->loadClass('App\\\\Http\\\\Contro...')
#2 [internal function]: spl_autoload_call('App\\\\Http\\\\Contro...')
#3 /Users/mikewolter/Documenten lokaal/imtmpd-api/imtpmd-api/Imtpmd-api/vendor/laravel/framework/src/Illuminate/Container/Container.php(790): ReflectionClass->__construct('App\\\\Http\\\\Contro...')
#4 /Users/mikewolter/Documenten lokaal/imtmpd-api/imtpmd-api/Imtpmd-api/vendor/laravel/framework/src/Illuminate/Container/Container.php(667): Illuminate\\Container\\Container->build('App\\\\Http\\\\Contro...')
#5 /Users/mikewolter/Documenten lokaal/imtmpd-api/imtpmd-api/Imtpmd-api/vendor/laravel/framework/src/Illuminate/Container/Container.php(615): Illuminate\\Container\\Container->resolve('App\\\\Http\\\\Contro...', Array)
#6 /Users/mikewolter/Documenten lokaal/imtmpd-api/imtpmd-api/Imtpmd-api/vendor/laravel/framework/src/Illuminate/Foundation/Application.php(767): Illuminate\\Container\\Container->make('App\\\\Http\\\\Contro...', Array)
#7 /Users/mikewolter/Documenten lokaal/imtmpd-api/imtpmd-api/Imtpmd-api/vendor/laravel/framework/src/Illuminate/Routing/Route.php(233): Illuminate\\Foundation\\Application->make('App\\\\Http\\\\Contro...')
#8 /Users/mikewolter/Documenten lokaal/imtmpd-api/imtpmd-api/Imtpmd-api/vendor/laravel/framework/src/Illuminate/Routing/Route.php(833): Illuminate\\Routing\\Route->getController()
#9 /Users/mikewolter/Documenten lokaal/imtmpd-api/imtpmd-api/Imtpmd-api/vendor/laravel/framework/src/Illuminate/Routing/Route.php(794): Illuminate\\Routing\\Route->controllerMiddleware()
#10 /Users/mikewolter/Documenten lokaal/imtmpd-api/imtpmd-api/Imtpmd-api/vendor/laravel/framework/src/Illuminate/Routing/Router.php(693): Illuminate\\Routing\\Route->gatherMiddleware()
#11 /Users/mikewolter/Documenten lokaal/imtmpd-api/imtpmd-api/Imtpmd-api/vendor/laravel/framework/src/Illuminate/Routing/Router.php(673): Illuminate\\Routing\\Router->gatherRouteMiddleware(Object(Illuminate\\Routing\\Route))
#12 /Users/mikewolter/Documenten lokaal/imtmpd-api/imtpmd-api/Imtpmd-api/vendor/laravel/framework/src/Illuminate/Routing/Router.php(657): Illuminate\\Routing\\Router->runRouteWithinStack(Object(Illuminate\\Routing\\Route), Object(Illuminate\\Http\\Request))
#13 /Users/mikewolter/Documenten lokaal/imtmpd-api/imtpmd-api/Imtpmd-api/vendor/laravel/framework/src/Illuminate/Routing/Router.php(623): Illuminate\\Routing\\Router->runRoute(Object(Illuminate\\Http\\Request), Object(Illuminate\\Routing\\Route))
#14 /Users/mikewolter/Documenten lokaal/imtmpd-api/imtpmd-api/Imtpmd-api/vendor/laravel/framework/src/Illuminate/Routing/Router.php(612): Illuminate\\Routing\\Router->dispatchToRoute(Object(Illuminate\\Http\\Request))
#15 /Users/mikewolter/Documenten lokaal/imtmpd-api/imtpmd-api/Imtpmd-api/vendor/laravel/framework/src/Illuminate/Foundation/Http/Kernel.php(176): Illuminate\\Routing\\Router->dispatch(Object(Illuminate\\Http\\Request))
#16 /Users/mikewolter/Documenten lokaal/imtmpd-api/imtpmd-api/Imtpmd-api/vendor/laravel/framework/src/Illuminate/Routing/Pipeline.php(30): Illuminate\\Foundation\\Http\\Kernel->Illuminate\\Foundation\\Http\\{closure}(Object(Illuminate\\Http\\Request))
#17 /Users/mikewolter/Documenten lokaal/imtmpd-api/imtpmd-api/Imtpmd-api/vendor/fideloper/proxy/src/TrustProxies.php(57): Illuminate\\Routing\\Pipeline->Illuminate\\Routing\\{closure}(Object(Illuminate\\Http\\Request))
#18 /Users/mikewolter/Documenten lokaal/imtmpd-api/imtpmd-api/Imtpmd-api/vendor/laravel/framework/src/Illuminate/Pipeline/Pipeline.php(163): Fideloper\\Proxy\\TrustProxies->handle(Object(Illuminate\\Http\\Request), Object(Closure))
#19 /Users/mikewolter/Documenten lokaal/imtmpd-api/imtpmd-api/Imtpmd-api/vendor/laravel/framework/src/Illuminate/Routing/Pipeline.php(53): Illuminate\\Pipeline\\Pipeline->Illuminate\\Pipeline\\{closure}(Object(Illuminate\\Http\\Request))
#20 /Users/mikewolter/Documenten lokaal/imtmpd-api/imtpmd-api/Imtpmd-api/vendor/laravel/framework/src/Illuminate/Foundation/Http/Middleware/TransformsRequest.php(21): Illuminate\\Routing\\Pipeline->Illuminate\\Routing\\{closure}(Object(Illuminate\\Http\\Request))
#21 /Users/mikewolter/Documenten lokaal/imtmpd-api/imtpmd-api/Imtpmd-api/vendor/laravel/framework/src/Illuminate/Pipeline/Pipeline.php(163): Illuminate\\Foundation\\Http\\Middleware\\TransformsRequest->handle(Object(Illuminate\\Http\\Request), Object(Closure))
#22 /Users/mikewolter/Documenten lokaal/imtmpd-api/imtpmd-api/Imtpmd-api/vendor/laravel/framework/src/Illuminate/Routing/Pipeline.php(53): Illuminate\\Pipeline\\Pipeline->Illuminate\\Pipeline\\{closure}(Object(Illuminate\\Http\\Request))
#23 /Users/mikewolter/Documenten lokaal/imtmpd-api/imtpmd-api/Imtpmd-api/vendor/laravel/framework/src/Illuminate/Foundation/Http/Middleware/TransformsRequest.php(21): Illuminate\\Routing\\Pipeline->Illuminate\\Routing\\{closure}(Object(Illuminate\\Http\\Request))
#24 /Users/mikewolter/Documenten lokaal/imtmpd-api/imtpmd-api/Imtpmd-api/vendor/laravel/framework/src/Illuminate/Pipeline/Pipeline.php(163): Illuminate\\Foundation\\Http\\Middleware\\TransformsRequest->handle(Object(Illuminate\\Http\\Request), Object(Closure))
#25 /Users/mikewolter/Documenten lokaal/imtmpd-api/imtpmd-api/Imtpmd-api/vendor/laravel/framework/src/Illuminate/Routing/Pipeline.php(53): Illuminate\\Pipeline\\Pipeline->Illuminate\\Pipeline\\{closure}(Object(Illuminate\\Http\\Request))
#26 /Users/mikewolter/Documenten lokaal/imtmpd-api/imtpmd-api/Imtpmd-api/vendor/laravel/framework/src/Illuminate/Foundation/Http/Middleware/ValidatePostSize.php(27): Illuminate\\Routing\\Pipeline->Illuminate\\Routing\\{closure}(Object(Illuminate\\Http\\Request))
#27 /Users/mikewolter/Documenten lokaal/imtmpd-api/imtpmd-api/Imtpmd-api/vendor/laravel/framework/src/Illuminate/Pipeline/Pipeline.php(163): Illuminate\\Foundation\\Http\\Middleware\\ValidatePostSize->handle(Object(Illuminate\\Http\\Request), Object(Closure))
#28 /Users/mikewolter/Documenten lokaal/imtmpd-api/imtpmd-api/Imtpmd-api/vendor/laravel/framework/src/Illuminate/Routing/Pipeline.php(53): Illuminate\\Pipeline\\Pipeline->Illuminate\\Pipeline\\{closure}(Object(Illuminate\\Http\\Request))
#29 /Users/mikewolter/Documenten lokaal/imtmpd-api/imtpmd-api/Imtpmd-api/vendor/laravel/framework/src/Illuminate/Foundation/Http/Middleware/CheckForMaintenanceMode.php(62): Illuminate\\Routing\\Pipeline->Illuminate\\Routing\\{closure}(Object(Illuminate\\Http\\Request))
#30 /Users/mikewolter/Documenten lokaal/imtmpd-api/imtpmd-api/Imtpmd-api/vendor/laravel/framework/src/Illuminate/Pipeline/Pipeline.php(163): Illuminate\\Foundation\\Http\\Middleware\\CheckForMaintenanceMode->handle(Object(Illuminate\\Http\\Request), Object(Closure))
#31 /Users/mikewolter/Documenten lokaal/imtmpd-api/imtpmd-api/Imtpmd-api/vendor/laravel/framework/src/Illuminate/Routing/Pipeline.php(53): Illuminate\\Pipeline\\Pipeline->Illuminate\\Pipeline\\{closure}(Object(Illuminate\\Http\\Request))
#32 /Users/mikewolter/Documenten lokaal/imtmpd-api/imtpmd-api/Imtpmd-api/vendor/laravel/framework/src/Illuminate/Pipeline/Pipeline.php(104): Illuminate\\Routing\\Pipeline->Illuminate\\Routing\\{closure}(Object(Illuminate\\Http\\Request))
#33 /Users/mikewolter/Documenten lokaal/imtmpd-api/imtpmd-api/Imtpmd-api/vendor/laravel/framework/src/Illuminate/Foundation/Http/Kernel.php(151): Illuminate\\Pipeline\\Pipeline->then(Object(Closure))
#34 /Users/mikewolter/Documenten lokaal/imtmpd-api/imtpmd-api/Imtpmd-api/vendor/laravel/framework/src/Illuminate/Foundation/Http/Kernel.php(116): Illuminate\\Foundation\\Http\\Kernel->sendRequestThroughRouter(Object(Illuminate\\Http\\Request))
#35 /Users/mikewolter/Documenten lokaal/imtmpd-api/imtpmd-api/Imtpmd-api/public/index.php(55): Illuminate\\Foundation\\Http\\Kernel->handle(Object(Illuminate\\Http\\Request))
#36 /Users/mikewolter/Documenten lokaal/imtmpd-api/imtpmd-api/Imtpmd-api/server.php(21): require_once('/Users/mikewolt...')
#37 {main}
"} 
